<?xml version="1.0" encoding="UTF-8"?>
<testsuite name="turbomq.raft.RaftNodeTest" tests="18" skipped="0" failures="0" errors="0" timestamp="2026-03-28T01:31:16" hostname="MacBook-Pro-cua-Khanh.local" time="0.011">
  <properties/>
  <testcase name="nodeVotesOnlyOncePerTerm()" classname="turbomq.raft.RaftNodeTest" time="0.0"/>
  <testcase name="followerRecognizesLeaderFromAppendEntries()" classname="turbomq.raft.RaftNodeTest" time="0.0"/>
  <testcase name="electionTimeoutTriggersPreVote()" classname="turbomq.raft.RaftNodeTest" time="0.001"/>
  <testcase name="nodeStepsDownOnHigherTerm()" classname="turbomq.raft.RaftNodeTest" time="0.0"/>
  <testcase name="followersReceiveAndApplyReplicatedEntries()" classname="turbomq.raft.RaftNodeTest" time="0.0"/>
  <testcase name="followerRejectsAppendEntriesWithLowerTerm()" classname="turbomq.raft.RaftNodeTest" time="0.0"/>
  <testcase name="nodeRejectsVoteIfCandidateLogIsStale()" classname="turbomq.raft.RaftNodeTest" time="0.0"/>
  <testcase name="nodeBecomesLeaderWithMajorityVotes()" classname="turbomq.raft.RaftNodeTest" time="0.0"/>
  <testcase name="nodeStartsAsFollower()" classname="turbomq.raft.RaftNodeTest" time="0.001"/>
  <testcase name="candidateStepsDownOnHigherTermResponse()" classname="turbomq.raft.RaftNodeTest" time="0.0"/>
  <testcase name="leaderIgnoresElectionTimeout()" classname="turbomq.raft.RaftNodeTest" time="0.0"/>
  <testcase name="singleNodeClusterBecomesLeaderImmediately()" classname="turbomq.raft.RaftNodeTest" time="0.001"/>
  <testcase name="leaderReplicatesProposedEntry()" classname="turbomq.raft.RaftNodeTest" time="0.0"/>
  <testcase name="leaderDecrementsNextIndexOnRejection()" classname="turbomq.raft.RaftNodeTest" time="0.001"/>
  <testcase name="preVoteDoesNotIncrementTerm()" classname="turbomq.raft.RaftNodeTest" time="0.0"/>
  <testcase name="followerRejectsAppendEntriesWithMismatchedPrevLog()" classname="turbomq.raft.RaftNodeTest" time="0.0"/>
  <testcase name="leaderSendsHeartbeatsAfterElection()" classname="turbomq.raft.RaftNodeTest" time="0.0"/>
  <testcase name="proposeOnFollowerReturnsFalse()" classname="turbomq.raft.RaftNodeTest" time="0.001"/>
  <system-out><![CDATA[]]></system-out>
  <system-err><![CDATA[]]></system-err>
</testsuite>
