<?xml version="1.0" encoding="UTF-8"?>
<testsuite name="turbomq.raft.RaftLogTest" tests="14" skipped="0" failures="0" errors="0" timestamp="2026-03-28T01:31:16" hostname="MacBook-Pro-cua-Khanh.local" time="0.006">
  <properties/>
  <testcase name="getEntryOutOfBoundsReturnsNull()" classname="turbomq.raft.RaftLogTest" time="0.0"/>
  <testcase name="commitIndexAdvances()" classname="turbomq.raft.RaftLogTest" time="0.0"/>
  <testcase name="truncateFromIndex()" classname="turbomq.raft.RaftLogTest" time="0.0"/>
  <testcase name="appendEntriesFromLeader()" classname="turbomq.raft.RaftLogTest" time="0.0"/>
  <testcase name="getEntryByIndex()" classname="turbomq.raft.RaftLogTest" time="0.001"/>
  <testcase name="commitIndexNeverDecreases()" classname="turbomq.raft.RaftLogTest" time="0.0"/>
  <testcase name="emptyLogHasZeroLastIndex()" classname="turbomq.raft.RaftLogTest" time="0.0"/>
  <testcase name="getEntriesFromIndex()" classname="turbomq.raft.RaftLogTest" time="0.0"/>
  <testcase name="appendSingleEntry()" classname="turbomq.raft.RaftLogTest" time="0.0"/>
  <testcase name="getTermAtIndex()" classname="turbomq.raft.RaftLogTest" time="0.001"/>
  <testcase name="truncateFromOneRemovesAll()" classname="turbomq.raft.RaftLogTest" time="0.0"/>
  <testcase name="hasMatchingEntryAtPrevLogIndexAndTerm()" classname="turbomq.raft.RaftLogTest" time="0.0"/>
  <testcase name="appendMultipleEntries()" classname="turbomq.raft.RaftLogTest" time="0.0"/>
  <testcase name="getEntriesFromBeyondLastReturnsEmpty()" classname="turbomq.raft.RaftLogTest" time="0.001"/>
  <system-out><![CDATA[]]></system-out>
  <system-err><![CDATA[]]></system-err>
</testsuite>
