<?xml version="1.0" encoding="UTF-8"?>
<testsuite name="turbomq.raft.InstallSnapshotTest" tests="10" skipped="0" failures="0" errors="0" timestamp="2026-03-28T01:31:15" hostname="MacBook-Pro-cua-Khanh.local" time="0.056">
  <properties/>
  <testcase name="RaftLog termAt returns snapshot term for snapshot index" classname="turbomq.raft.InstallSnapshotTest" time="0.028"/>
  <testcase name="RaftLog tracks snapshot metadata after install" classname="turbomq.raft.InstallSnapshotTest" time="0.001"/>
  <testcase name="RaftLog preserves entries after snapshot index" classname="turbomq.raft.InstallSnapshotTest" time="0.002"/>
  <testcase name="InstallSnapshotResponse carries follower's current term" classname="turbomq.raft.InstallSnapshotTest" time="0.006"/>
  <testcase name="RaftLog hasMatchingEntry works with snapshot sentinel" classname="turbomq.raft.InstallSnapshotTest" time="0.001"/>
  <testcase name="leader advances nextIndex after InstallSnapshotResponse" classname="turbomq.raft.InstallSnapshotTest" time="0.009"/>
  <testcase name="InstallSnapshot message carries snapshot metadata and data" classname="turbomq.raft.InstallSnapshotTest" time="0.001"/>
  <testcase name="follower accepts InstallSnapshot and resets log to snapshot state" classname="turbomq.raft.InstallSnapshotTest" time="0.003"/>
  <testcase name="follower discards log entries covered by snapshot" classname="turbomq.raft.InstallSnapshotTest" time="0.001"/>
  <testcase name="follower rejects InstallSnapshot with stale term" classname="turbomq.raft.InstallSnapshotTest" time="0.0"/>
  <system-out><![CDATA[]]></system-out>
  <system-err><![CDATA[]]></system-err>
</testsuite>
