<?xml version="1.0" encoding="UTF-8"?>
<testsuite name="turbomq.raft.LogReplicationAcceptanceTest" tests="5" skipped="0" failures="0" errors="0" timestamp="2026-03-28T01:31:16" hostname="MacBook-Pro-cua-Khanh.local" time="0.004">
  <properties/>
  <testcase name="committedEntriesAreAppliedToStateMachine()" classname="turbomq.raft.LogReplicationAcceptanceTest" time="0.001"/>
  <testcase name="proposedEntryIsCommittedAcrossCluster()" classname="turbomq.raft.LogReplicationAcceptanceTest" time="0.0"/>
  <testcase name="multipleProposalsReplicateInOrder()" classname="turbomq.raft.LogReplicationAcceptanceTest" time="0.0"/>
  <testcase name="partitionedFollowerCatchesUpAfterHealing()" classname="turbomq.raft.LogReplicationAcceptanceTest" time="0.0"/>
  <testcase name="entryNotCommittedWithoutMajority()" classname="turbomq.raft.LogReplicationAcceptanceTest" time="0.0"/>
  <system-out><![CDATA[]]></system-out>
  <system-err><![CDATA[]]></system-err>
</testsuite>
