<?xml version="1.0" encoding="UTF-8"?>
<testsuite name="turbomq.storage.PartitionStoreTest" tests="15" skipped="0" failures="0" errors="0" timestamp="2026-03-28T02:05:19" hostname="MacBook-Pro-cua-Khanh.local" time="2.315">
  <properties/>
  <testcase name="listPartitionsReturnsCreatedPartitions()" classname="turbomq.storage.PartitionStoreTest" time="0.932"/>
  <testcase name="latestOffsetStartsAtZero()" classname="turbomq.storage.PartitionStoreTest" time="0.069"/>
  <testcase name="readRangeReturnsMessagesInOrder()" classname="turbomq.storage.PartitionStoreTest" time="0.072"/>
  <testcase name="createAndGetPartition()" classname="turbomq.storage.PartitionStoreTest" time="0.064"/>
  <testcase name="appendAndReadMessage()" classname="turbomq.storage.PartitionStoreTest" time="0.069"/>
  <testcase name="commitAndReadConsumerOffset()" classname="turbomq.storage.PartitionStoreTest" time="0.078"/>
  <testcase name="latestOffsetAdvancesAfterAppend()" classname="turbomq.storage.PartitionStoreTest" time="0.104"/>
  <testcase name="readNonExistentOffsetReturnsNull()" classname="turbomq.storage.PartitionStoreTest" time="0.094"/>
  <testcase name="multiplePartitionsAreIsolated()" classname="turbomq.storage.PartitionStoreTest" time="0.104"/>
  <testcase name="multipleConsumerGroupsHaveIndependentOffsets()" classname="turbomq.storage.PartitionStoreTest" time="0.099"/>
  <testcase name="getExistingPartitionReturnsSameInstance()" classname="turbomq.storage.PartitionStoreTest" time="0.1"/>
  <testcase name="readRangeWithNoMessagesReturnsEmpty()" classname="turbomq.storage.PartitionStoreTest" time="0.116"/>
  <testcase name="partitionDataPersistedAcrossReopen()" classname="turbomq.storage.PartitionStoreTest" time="0.182"/>
  <testcase name="appendMultipleMessagesInSequence()" classname="turbomq.storage.PartitionStoreTest" time="0.103"/>
  <testcase name="consumerOffsetDefaultsToZero()" classname="turbomq.storage.PartitionStoreTest" time="0.098"/>
  <system-out><![CDATA[09:05:20.748 [Test worker] INFO turbomq.storage.PartitionStoreManager -- PartitionStoreManager opened at /var/folders/vn/6mz0gbtj611dys59tgbwr1gc0000gp/T/junit7608330474594515608 with 0 partitions
09:05:20.778 [Test worker] INFO turbomq.storage.PartitionStoreManager -- Created partition column family: partition-0
09:05:20.794 [Test worker] INFO turbomq.storage.PartitionStoreManager -- Created partition column family: partition-3
09:05:20.887 [Test worker] INFO turbomq.storage.PartitionStoreManager -- PartitionStoreManager opened at /var/folders/vn/6mz0gbtj611dys59tgbwr1gc0000gp/T/junit13064564039703118530 with 0 partitions
09:05:20.902 [Test worker] INFO turbomq.storage.PartitionStoreManager -- Created partition column family: partition-0
09:05:20.958 [Test worker] INFO turbomq.storage.PartitionStoreManager -- PartitionStoreManager opened at /var/folders/vn/6mz0gbtj611dys59tgbwr1gc0000gp/T/junit9338904497819771933 with 0 partitions
09:05:20.973 [Test worker] INFO turbomq.storage.PartitionStoreManager -- Created partition column family: partition-0
09:05:21.025 [Test worker] INFO turbomq.storage.PartitionStoreManager -- PartitionStoreManager opened at /var/folders/vn/6mz0gbtj611dys59tgbwr1gc0000gp/T/junit9438104422785220596 with 0 partitions
09:05:21.040 [Test worker] INFO turbomq.storage.PartitionStoreManager -- Created partition column family: partition-0
09:05:21.092 [Test worker] INFO turbomq.storage.PartitionStoreManager -- PartitionStoreManager opened at /var/folders/vn/6mz0gbtj611dys59tgbwr1gc0000gp/T/junit18262410360052451043 with 0 partitions
09:05:21.108 [Test worker] INFO turbomq.storage.PartitionStoreManager -- Created partition column family: partition-0
09:05:21.163 [Test worker] INFO turbomq.storage.PartitionStoreManager -- PartitionStoreManager opened at /var/folders/vn/6mz0gbtj611dys59tgbwr1gc0000gp/T/junit16145159493767107969 with 0 partitions
09:05:21.184 [Test worker] INFO turbomq.storage.PartitionStoreManager -- Created partition column family: partition-0
09:05:21.258 [Test worker] INFO turbomq.storage.PartitionStoreManager -- PartitionStoreManager opened at /var/folders/vn/6mz0gbtj611dys59tgbwr1gc0000gp/T/junit14085392286117334712 with 0 partitions
09:05:21.287 [Test worker] INFO turbomq.storage.PartitionStoreManager -- Created partition column family: partition-0
09:05:21.363 [Test worker] INFO turbomq.storage.PartitionStoreManager -- PartitionStoreManager opened at /var/folders/vn/6mz0gbtj611dys59tgbwr1gc0000gp/T/junit8440233392365799286 with 0 partitions
09:05:21.386 [Test worker] INFO turbomq.storage.PartitionStoreManager -- Created partition column family: partition-0
09:05:21.453 [Test worker] INFO turbomq.storage.PartitionStoreManager -- PartitionStoreManager opened at /var/folders/vn/6mz0gbtj611dys59tgbwr1gc0000gp/T/junit4062906734636910890 with 0 partitions
09:05:21.474 [Test worker] INFO turbomq.storage.PartitionStoreManager -- Created partition column family: partition-0
09:05:21.495 [Test worker] INFO turbomq.storage.PartitionStoreManager -- Created partition column family: partition-1
09:05:21.569 [Test worker] INFO turbomq.storage.PartitionStoreManager -- PartitionStoreManager opened at /var/folders/vn/6mz0gbtj611dys59tgbwr1gc0000gp/T/junit11279741225622429552 with 0 partitions
09:05:21.595 [Test worker] INFO turbomq.storage.PartitionStoreManager -- Created partition column family: partition-0
09:05:21.671 [Test worker] INFO turbomq.storage.PartitionStoreManager -- PartitionStoreManager opened at /var/folders/vn/6mz0gbtj611dys59tgbwr1gc0000gp/T/junit14212309214740682189 with 0 partitions
09:05:21.695 [Test worker] INFO turbomq.storage.PartitionStoreManager -- Created partition column family: partition-0
09:05:21.788 [Test worker] INFO turbomq.storage.PartitionStoreManager -- PartitionStoreManager opened at /var/folders/vn/6mz0gbtj611dys59tgbwr1gc0000gp/T/junit4058019296589170815 with 0 partitions
09:05:21.812 [Test worker] INFO turbomq.storage.PartitionStoreManager -- Created partition column family: partition-0
09:05:21.904 [Test worker] INFO turbomq.storage.PartitionStoreManager -- PartitionStoreManager opened at /var/folders/vn/6mz0gbtj611dys59tgbwr1gc0000gp/T/junit13926411455566607836 with 0 partitions
09:05:21.931 [Test worker] INFO turbomq.storage.PartitionStoreManager -- Created partition column family: partition-0
09:05:22.006 [Test worker] INFO turbomq.storage.PartitionStoreManager -- PartitionStoreManager opened at /var/folders/vn/6mz0gbtj611dys59tgbwr1gc0000gp/T/junit13926411455566607836 with 1 partitions
09:05:22.087 [Test worker] INFO turbomq.storage.PartitionStoreManager -- PartitionStoreManager opened at /var/folders/vn/6mz0gbtj611dys59tgbwr1gc0000gp/T/junit2755307197522505290 with 0 partitions
09:05:22.111 [Test worker] INFO turbomq.storage.PartitionStoreManager -- Created partition column family: partition-0
09:05:22.185 [Test worker] INFO turbomq.storage.PartitionStoreManager -- PartitionStoreManager opened at /var/folders/vn/6mz0gbtj611dys59tgbwr1gc0000gp/T/junit5452510486979868588 with 0 partitions
09:05:22.212 [Test worker] INFO turbomq.storage.PartitionStoreManager -- Created partition column family: partition-0
]]></system-out>
  <system-err><![CDATA[]]></system-err>
</testsuite>
