<?xml version="1.0" encoding="UTF-8"?>
<testsuite name="turbomq.storage.SnapshotManagerTest" tests="13" skipped="0" failures="0" errors="0" timestamp="2026-03-28T02:05:23" hostname="MacBook-Pro-cua-Khanh.local" time="1.613">
  <properties/>
  <testcase name="readSnapshotChunk reads bytes from the snapshot checkpoint files" classname="turbomq.storage.SnapshotManagerTest" time="0.144"/>
  <testcase name="listSnapshots returns snapshots ordered by index descending" classname="turbomq.storage.SnapshotManagerTest" time="0.136"/>
  <testcase name="cleanupOldSnapshots deletes checkpoint directories from disk" classname="turbomq.storage.SnapshotManagerTest" time="0.169"/>
  <testcase name="listSnapshots returns empty list when no snapshots exist" classname="turbomq.storage.SnapshotManagerTest" time="0.067"/>
  <testcase name="cleanupOldSnapshots with retain &gt;= count removes nothing" classname="turbomq.storage.SnapshotManagerTest" time="0.11"/>
  <testcase name="createSnapshot produces a checkpoint directory with RocksDB files" classname="turbomq.storage.SnapshotManagerTest" time="0.134"/>
  <testcase name="latestSnapshot returns the highest-index snapshot" classname="turbomq.storage.SnapshotManagerTest" time="0.133"/>
  <testcase name="createSnapshot with negative index throws" classname="turbomq.storage.SnapshotManagerTest" time="0.073"/>
  <testcase name="createSnapshot with negative term throws" classname="turbomq.storage.SnapshotManagerTest" time="0.066"/>
  <testcase name="latestSnapshot returns empty when no snapshots exist" classname="turbomq.storage.SnapshotManagerTest" time="0.064"/>
  <testcase name="multiple snapshots at different indices create separate directories" classname="turbomq.storage.SnapshotManagerTest" time="0.146"/>
  <testcase name="cleanupOldSnapshots retains only the N most recent snapshots" classname="turbomq.storage.SnapshotManagerTest" time="0.185"/>
  <testcase name="snapshot checkpoint contains consistent data from time of creation" classname="turbomq.storage.SnapshotManagerTest" time="0.171"/>
  <system-out><![CDATA[09:05:23.157 [Test worker] INFO turbomq.storage.RocksDBEngine -- RocksDB opened at /var/folders/vn/6mz0gbtj611dys59tgbwr1gc0000gp/T/junit13531715706567604312/db
09:05:23.216 [Test worker] INFO turbomq.storage.SnapshotManager -- Created snapshot at index=10 term=2 path=/var/folders/vn/6mz0gbtj611dys59tgbwr1gc0000gp/T/junit13531715706567604312/snapshots/snapshot-10
09:05:23.297 [Test worker] INFO turbomq.storage.RocksDBEngine -- RocksDB opened at /var/folders/vn/6mz0gbtj611dys59tgbwr1gc0000gp/T/junit18092192626845929953/db
09:05:23.320 [Test worker] INFO turbomq.storage.SnapshotManager -- Created snapshot at index=5 term=1 path=/var/folders/vn/6mz0gbtj611dys59tgbwr1gc0000gp/T/junit18092192626845929953/snapshots/snapshot-5
09:05:23.338 [Test worker] INFO turbomq.storage.SnapshotManager -- Created snapshot at index=10 term=2 path=/var/folders/vn/6mz0gbtj611dys59tgbwr1gc0000gp/T/junit18092192626845929953/snapshots/snapshot-10
09:05:23.358 [Test worker] INFO turbomq.storage.SnapshotManager -- Created snapshot at index=15 term=3 path=/var/folders/vn/6mz0gbtj611dys59tgbwr1gc0000gp/T/junit18092192626845929953/snapshots/snapshot-15
09:05:23.443 [Test worker] INFO turbomq.storage.RocksDBEngine -- RocksDB opened at /var/folders/vn/6mz0gbtj611dys59tgbwr1gc0000gp/T/junit13264866742792201360/db
09:05:23.468 [Test worker] INFO turbomq.storage.SnapshotManager -- Created snapshot at index=5 term=1 path=/var/folders/vn/6mz0gbtj611dys59tgbwr1gc0000gp/T/junit13264866742792201360/snapshots/snapshot-5
09:05:23.488 [Test worker] INFO turbomq.storage.SnapshotManager -- Created snapshot at index=10 term=2 path=/var/folders/vn/6mz0gbtj611dys59tgbwr1gc0000gp/T/junit13264866742792201360/snapshots/snapshot-10
09:05:23.510 [Test worker] INFO turbomq.storage.SnapshotManager -- Created snapshot at index=15 term=3 path=/var/folders/vn/6mz0gbtj611dys59tgbwr1gc0000gp/T/junit13264866742792201360/snapshots/snapshot-15
09:05:23.525 [Test worker] INFO turbomq.storage.SnapshotManager -- Deleted old snapshot at index=10
09:05:23.527 [Test worker] INFO turbomq.storage.SnapshotManager -- Deleted old snapshot at index=5
09:05:23.602 [Test worker] INFO turbomq.storage.RocksDBEngine -- RocksDB opened at /var/folders/vn/6mz0gbtj611dys59tgbwr1gc0000gp/T/junit6047972401066426180/db
09:05:23.669 [Test worker] INFO turbomq.storage.RocksDBEngine -- RocksDB opened at /var/folders/vn/6mz0gbtj611dys59tgbwr1gc0000gp/T/junit6022013576625067177/db
09:05:23.687 [Test worker] INFO turbomq.storage.SnapshotManager -- Created snapshot at index=5 term=1 path=/var/folders/vn/6mz0gbtj611dys59tgbwr1gc0000gp/T/junit6022013576625067177/snapshots/snapshot-5
09:05:23.706 [Test worker] INFO turbomq.storage.SnapshotManager -- Created snapshot at index=10 term=2 path=/var/folders/vn/6mz0gbtj611dys59tgbwr1gc0000gp/T/junit6022013576625067177/snapshots/snapshot-10
09:05:23.785 [Test worker] INFO turbomq.storage.RocksDBEngine -- RocksDB opened at /var/folders/vn/6mz0gbtj611dys59tgbwr1gc0000gp/T/junit8173206386586025455/db
09:05:23.832 [Test worker] INFO turbomq.storage.SnapshotManager -- Created snapshot at index=10 term=2 path=/var/folders/vn/6mz0gbtj611dys59tgbwr1gc0000gp/T/junit8173206386586025455/snapshots/snapshot-10
09:05:23.918 [Test worker] INFO turbomq.storage.RocksDBEngine -- RocksDB opened at /var/folders/vn/6mz0gbtj611dys59tgbwr1gc0000gp/T/junit5452886738563736037/db
09:05:23.936 [Test worker] INFO turbomq.storage.SnapshotManager -- Created snapshot at index=5 term=1 path=/var/folders/vn/6mz0gbtj611dys59tgbwr1gc0000gp/T/junit5452886738563736037/snapshots/snapshot-5
09:05:23.956 [Test worker] INFO turbomq.storage.SnapshotManager -- Created snapshot at index=15 term=3 path=/var/folders/vn/6mz0gbtj611dys59tgbwr1gc0000gp/T/junit5452886738563736037/snapshots/snapshot-15
09:05:23.978 [Test worker] INFO turbomq.storage.SnapshotManager -- Created snapshot at index=10 term=2 path=/var/folders/vn/6mz0gbtj611dys59tgbwr1gc0000gp/T/junit5452886738563736037/snapshots/snapshot-10
09:05:24.062 [Test worker] INFO turbomq.storage.RocksDBEngine -- RocksDB opened at /var/folders/vn/6mz0gbtj611dys59tgbwr1gc0000gp/T/junit7660893193840186529/db
09:05:24.124 [Test worker] INFO turbomq.storage.RocksDBEngine -- RocksDB opened at /var/folders/vn/6mz0gbtj611dys59tgbwr1gc0000gp/T/junit15634290400727836638/db
09:05:24.190 [Test worker] INFO turbomq.storage.RocksDBEngine -- RocksDB opened at /var/folders/vn/6mz0gbtj611dys59tgbwr1gc0000gp/T/junit14449695323711943196/db
09:05:24.258 [Test worker] INFO turbomq.storage.RocksDBEngine -- RocksDB opened at /var/folders/vn/6mz0gbtj611dys59tgbwr1gc0000gp/T/junit11425583401820722145/db
09:05:24.298 [Test worker] INFO turbomq.storage.SnapshotManager -- Created snapshot at index=5 term=1 path=/var/folders/vn/6mz0gbtj611dys59tgbwr1gc0000gp/T/junit11425583401820722145/snapshots/snapshot-5
09:05:24.334 [Test worker] INFO turbomq.storage.SnapshotManager -- Created snapshot at index=10 term=2 path=/var/folders/vn/6mz0gbtj611dys59tgbwr1gc0000gp/T/junit11425583401820722145/snapshots/snapshot-10
09:05:24.415 [Test worker] INFO turbomq.storage.RocksDBEngine -- RocksDB opened at /var/folders/vn/6mz0gbtj611dys59tgbwr1gc0000gp/T/junit9302770949702968599/db
09:05:24.440 [Test worker] INFO turbomq.storage.SnapshotManager -- Created snapshot at index=5 term=1 path=/var/folders/vn/6mz0gbtj611dys59tgbwr1gc0000gp/T/junit9302770949702968599/snapshots/snapshot-5
09:05:24.461 [Test worker] INFO turbomq.storage.SnapshotManager -- Created snapshot at index=10 term=2 path=/var/folders/vn/6mz0gbtj611dys59tgbwr1gc0000gp/T/junit9302770949702968599/snapshots/snapshot-10
09:05:24.484 [Test worker] INFO turbomq.storage.SnapshotManager -- Created snapshot at index=15 term=3 path=/var/folders/vn/6mz0gbtj611dys59tgbwr1gc0000gp/T/junit9302770949702968599/snapshots/snapshot-15
09:05:24.507 [Test worker] INFO turbomq.storage.SnapshotManager -- Created snapshot at index=20 term=4 path=/var/folders/vn/6mz0gbtj611dys59tgbwr1gc0000gp/T/junit9302770949702968599/snapshots/snapshot-20
09:05:24.510 [Test worker] INFO turbomq.storage.SnapshotManager -- Deleted old snapshot at index=10
09:05:24.513 [Test worker] INFO turbomq.storage.SnapshotManager -- Deleted old snapshot at index=5
09:05:24.597 [Test worker] INFO turbomq.storage.RocksDBEngine -- RocksDB opened at /var/folders/vn/6mz0gbtj611dys59tgbwr1gc0000gp/T/junit7747047413607228085/db
09:05:24.637 [Test worker] INFO turbomq.storage.SnapshotManager -- Created snapshot at index=5 term=1 path=/var/folders/vn/6mz0gbtj611dys59tgbwr1gc0000gp/T/junit7747047413607228085/snapshots/snapshot-5
09:05:24.688 [Test worker] INFO turbomq.storage.RocksDBEngine -- RocksDB opened at /var/folders/vn/6mz0gbtj611dys59tgbwr1gc0000gp/T/junit7747047413607228085/snapshots/snapshot-5
]]></system-out>
  <system-err><![CDATA[]]></system-err>
</testsuite>
