<?xml version="1.0" encoding="UTF-8"?>
<testsuite name="turbomq.storage.SnapshotManagerTest" tests="13" skipped="0" failures="0" errors="0" timestamp="2026-03-28T01:31:18" hostname="MacBook-Pro-cua-Khanh.local" time="1.1">
  <properties/>
  <testcase name="readSnapshotChunk reads bytes from the snapshot checkpoint files" classname="turbomq.storage.SnapshotManagerTest" time="0.084"/>
  <testcase name="listSnapshots returns snapshots ordered by index descending" classname="turbomq.storage.SnapshotManagerTest" time="0.098"/>
  <testcase name="cleanupOldSnapshots deletes checkpoint directories from disk" classname="turbomq.storage.SnapshotManagerTest" time="0.107"/>
  <testcase name="listSnapshots returns empty list when no snapshots exist" classname="turbomq.storage.SnapshotManagerTest" time="0.05"/>
  <testcase name="cleanupOldSnapshots with retain &gt;= count removes nothing" classname="turbomq.storage.SnapshotManagerTest" time="0.079"/>
  <testcase name="createSnapshot produces a checkpoint directory with RocksDB files" classname="turbomq.storage.SnapshotManagerTest" time="0.08"/>
  <testcase name="latestSnapshot returns the highest-index snapshot" classname="turbomq.storage.SnapshotManagerTest" time="0.096"/>
  <testcase name="createSnapshot with negative index throws" classname="turbomq.storage.SnapshotManagerTest" time="0.054"/>
  <testcase name="createSnapshot with negative term throws" classname="turbomq.storage.SnapshotManagerTest" time="0.052"/>
  <testcase name="latestSnapshot returns empty when no snapshots exist" classname="turbomq.storage.SnapshotManagerTest" time="0.05"/>
  <testcase name="multiple snapshots at different indices create separate directories" classname="turbomq.storage.SnapshotManagerTest" time="0.111"/>
  <testcase name="cleanupOldSnapshots retains only the N most recent snapshots" classname="turbomq.storage.SnapshotManagerTest" time="0.12"/>
  <testcase name="snapshot checkpoint contains consistent data from time of creation" classname="turbomq.storage.SnapshotManagerTest" time="0.115"/>
  <system-out><![CDATA[08:31:18.971 [Test worker] INFO turbomq.storage.RocksDBEngine -- RocksDB opened at /var/folders/vn/6mz0gbtj611dys59tgbwr1gc0000gp/T/junit9709786641428666478/db
08:31:19.002 [Test worker] INFO turbomq.storage.SnapshotManager -- Created snapshot at index=10 term=2 path=/var/folders/vn/6mz0gbtj611dys59tgbwr1gc0000gp/T/junit9709786641428666478/snapshots/snapshot-10
08:31:19.057 [Test worker] INFO turbomq.storage.RocksDBEngine -- RocksDB opened at /var/folders/vn/6mz0gbtj611dys59tgbwr1gc0000gp/T/junit18252726419626761923/db
08:31:19.072 [Test worker] INFO turbomq.storage.SnapshotManager -- Created snapshot at index=5 term=1 path=/var/folders/vn/6mz0gbtj611dys59tgbwr1gc0000gp/T/junit18252726419626761923/snapshots/snapshot-5
08:31:19.087 [Test worker] INFO turbomq.storage.SnapshotManager -- Created snapshot at index=10 term=2 path=/var/folders/vn/6mz0gbtj611dys59tgbwr1gc0000gp/T/junit18252726419626761923/snapshots/snapshot-10
08:31:19.102 [Test worker] INFO turbomq.storage.SnapshotManager -- Created snapshot at index=15 term=3 path=/var/folders/vn/6mz0gbtj611dys59tgbwr1gc0000gp/T/junit18252726419626761923/snapshots/snapshot-15
08:31:19.160 [Test worker] INFO turbomq.storage.RocksDBEngine -- RocksDB opened at /var/folders/vn/6mz0gbtj611dys59tgbwr1gc0000gp/T/junit7610284421757313389/db
08:31:19.175 [Test worker] INFO turbomq.storage.SnapshotManager -- Created snapshot at index=5 term=1 path=/var/folders/vn/6mz0gbtj611dys59tgbwr1gc0000gp/T/junit7610284421757313389/snapshots/snapshot-5
08:31:19.190 [Test worker] INFO turbomq.storage.SnapshotManager -- Created snapshot at index=10 term=2 path=/var/folders/vn/6mz0gbtj611dys59tgbwr1gc0000gp/T/junit7610284421757313389/snapshots/snapshot-10
08:31:19.205 [Test worker] INFO turbomq.storage.SnapshotManager -- Created snapshot at index=15 term=3 path=/var/folders/vn/6mz0gbtj611dys59tgbwr1gc0000gp/T/junit7610284421757313389/snapshots/snapshot-15
08:31:19.207 [Test worker] INFO turbomq.storage.SnapshotManager -- Deleted old snapshot at index=10
08:31:19.208 [Test worker] INFO turbomq.storage.SnapshotManager -- Deleted old snapshot at index=5
08:31:19.261 [Test worker] INFO turbomq.storage.RocksDBEngine -- RocksDB opened at /var/folders/vn/6mz0gbtj611dys59tgbwr1gc0000gp/T/junit6004679021700931054/db
08:31:19.311 [Test worker] INFO turbomq.storage.RocksDBEngine -- RocksDB opened at /var/folders/vn/6mz0gbtj611dys59tgbwr1gc0000gp/T/junit14415101464343523018/db
08:31:19.326 [Test worker] INFO turbomq.storage.SnapshotManager -- Created snapshot at index=5 term=1 path=/var/folders/vn/6mz0gbtj611dys59tgbwr1gc0000gp/T/junit14415101464343523018/snapshots/snapshot-5
08:31:19.340 [Test worker] INFO turbomq.storage.SnapshotManager -- Created snapshot at index=10 term=2 path=/var/folders/vn/6mz0gbtj611dys59tgbwr1gc0000gp/T/junit14415101464343523018/snapshots/snapshot-10
08:31:19.393 [Test worker] INFO turbomq.storage.RocksDBEngine -- RocksDB opened at /var/folders/vn/6mz0gbtj611dys59tgbwr1gc0000gp/T/junit10645860807041940557/db
08:31:19.420 [Test worker] INFO turbomq.storage.SnapshotManager -- Created snapshot at index=10 term=2 path=/var/folders/vn/6mz0gbtj611dys59tgbwr1gc0000gp/T/junit10645860807041940557/snapshots/snapshot-10
08:31:19.471 [Test worker] INFO turbomq.storage.RocksDBEngine -- RocksDB opened at /var/folders/vn/6mz0gbtj611dys59tgbwr1gc0000gp/T/junit4401551464937687128/db
08:31:19.486 [Test worker] INFO turbomq.storage.SnapshotManager -- Created snapshot at index=5 term=1 path=/var/folders/vn/6mz0gbtj611dys59tgbwr1gc0000gp/T/junit4401551464937687128/snapshots/snapshot-5
08:31:19.501 [Test worker] INFO turbomq.storage.SnapshotManager -- Created snapshot at index=15 term=3 path=/var/folders/vn/6mz0gbtj611dys59tgbwr1gc0000gp/T/junit4401551464937687128/snapshots/snapshot-15
08:31:19.516 [Test worker] INFO turbomq.storage.SnapshotManager -- Created snapshot at index=10 term=2 path=/var/folders/vn/6mz0gbtj611dys59tgbwr1gc0000gp/T/junit4401551464937687128/snapshots/snapshot-10
08:31:19.571 [Test worker] INFO turbomq.storage.RocksDBEngine -- RocksDB opened at /var/folders/vn/6mz0gbtj611dys59tgbwr1gc0000gp/T/junit11836722681786856311/db
08:31:19.623 [Test worker] INFO turbomq.storage.RocksDBEngine -- RocksDB opened at /var/folders/vn/6mz0gbtj611dys59tgbwr1gc0000gp/T/junit12944534905151963307/db
08:31:19.674 [Test worker] INFO turbomq.storage.RocksDBEngine -- RocksDB opened at /var/folders/vn/6mz0gbtj611dys59tgbwr1gc0000gp/T/junit17431032858359311473/db
08:31:19.725 [Test worker] INFO turbomq.storage.RocksDBEngine -- RocksDB opened at /var/folders/vn/6mz0gbtj611dys59tgbwr1gc0000gp/T/junit1319633242918587773/db
08:31:19.754 [Test worker] INFO turbomq.storage.SnapshotManager -- Created snapshot at index=5 term=1 path=/var/folders/vn/6mz0gbtj611dys59tgbwr1gc0000gp/T/junit1319633242918587773/snapshots/snapshot-5
08:31:19.784 [Test worker] INFO turbomq.storage.SnapshotManager -- Created snapshot at index=10 term=2 path=/var/folders/vn/6mz0gbtj611dys59tgbwr1gc0000gp/T/junit1319633242918587773/snapshots/snapshot-10
08:31:19.838 [Test worker] INFO turbomq.storage.RocksDBEngine -- RocksDB opened at /var/folders/vn/6mz0gbtj611dys59tgbwr1gc0000gp/T/junit3912874670917133233/db
08:31:19.859 [Test worker] INFO turbomq.storage.SnapshotManager -- Created snapshot at index=5 term=1 path=/var/folders/vn/6mz0gbtj611dys59tgbwr1gc0000gp/T/junit3912874670917133233/snapshots/snapshot-5
08:31:19.874 [Test worker] INFO turbomq.storage.SnapshotManager -- Created snapshot at index=10 term=2 path=/var/folders/vn/6mz0gbtj611dys59tgbwr1gc0000gp/T/junit3912874670917133233/snapshots/snapshot-10
08:31:19.889 [Test worker] INFO turbomq.storage.SnapshotManager -- Created snapshot at index=15 term=3 path=/var/folders/vn/6mz0gbtj611dys59tgbwr1gc0000gp/T/junit3912874670917133233/snapshots/snapshot-15
08:31:19.904 [Test worker] INFO turbomq.storage.SnapshotManager -- Created snapshot at index=20 term=4 path=/var/folders/vn/6mz0gbtj611dys59tgbwr1gc0000gp/T/junit3912874670917133233/snapshots/snapshot-20
08:31:19.905 [Test worker] INFO turbomq.storage.SnapshotManager -- Deleted old snapshot at index=10
08:31:19.905 [Test worker] INFO turbomq.storage.SnapshotManager -- Deleted old snapshot at index=5
08:31:19.957 [Test worker] INFO turbomq.storage.RocksDBEngine -- RocksDB opened at /var/folders/vn/6mz0gbtj611dys59tgbwr1gc0000gp/T/junit17768039694887016693/db
08:31:19.985 [Test worker] INFO turbomq.storage.SnapshotManager -- Created snapshot at index=5 term=1 path=/var/folders/vn/6mz0gbtj611dys59tgbwr1gc0000gp/T/junit17768039694887016693/snapshots/snapshot-5
08:31:20.019 [Test worker] INFO turbomq.storage.RocksDBEngine -- RocksDB opened at /var/folders/vn/6mz0gbtj611dys59tgbwr1gc0000gp/T/junit17768039694887016693/snapshots/snapshot-5
]]></system-out>
  <system-err><![CDATA[]]></system-err>
</testsuite>
