<?xml version="1.0" encoding="UTF-8"?>
<testsuite name="turbomq.broker.GossipProtocolTest" tests="18" skipped="0" failures="0" errors="0" timestamp="2026-03-28T01:31:13" hostname="MacBook-Pro-cua-Khanh.local" time="0.011">
  <properties/>
  <testcase name="lowerIncarnationDoesNotOverride()" classname="turbomq.broker.GossipProtocolTest" time="0.0"/>
  <testcase name="selfRefutationBumpsIncarnation()" classname="turbomq.broker.GossipProtocolTest" time="0.001"/>
  <testcase name="duplicateAddPeerIsIdempotent()" classname="turbomq.broker.GossipProtocolTest" time="0.0"/>
  <testcase name="getAlivePeersIncludesSuspect()" classname="turbomq.broker.GossipProtocolTest" time="0.001"/>
  <testcase name="suspectDoesNotDieBeforeTimeout()" classname="turbomq.broker.GossipProtocolTest" time="0.0"/>
  <testcase name="pingSuccessKeepsAlive()" classname="turbomq.broker.GossipProtocolTest" time="0.001"/>
  <testcase name="addMultiplePeers()" classname="turbomq.broker.GossipProtocolTest" time="0.0"/>
  <testcase name="indirectPingFailureKeepsSuspect()" classname="turbomq.broker.GossipProtocolTest" time="0.002"/>
  <testcase name="indirectPingSuccessRestoresAlive()" classname="turbomq.broker.GossipProtocolTest" time="0.0"/>
  <testcase name="mergedEntryIncludesPartitions()" classname="turbomq.broker.GossipProtocolTest" time="0.001"/>
  <testcase name="pingFailureMarksSuspect()" classname="turbomq.broker.GossipProtocolTest" time="0.0"/>
  <testcase name="pushPullMergesRemoteState()" classname="turbomq.broker.GossipProtocolTest" time="0.001"/>
  <testcase name="updatePartitionsForSelf()" classname="turbomq.broker.GossipProtocolTest" time="0.0"/>
  <testcase name="higherIncarnationOverridesSuspect()" classname="turbomq.broker.GossipProtocolTest" time="0.0"/>
  <testcase name="addPeerRegistersAsAlive()" classname="turbomq.broker.GossipProtocolTest" time="0.0"/>
  <testcase name="selfIsAliveOnCreation()" classname="turbomq.broker.GossipProtocolTest" time="0.0"/>
  <testcase name="suspectBecomesDeadAfterTimeout()" classname="turbomq.broker.GossipProtocolTest" time="0.0"/>
  <testcase name="getAlivePeersExcludesDeadAndSelf()" classname="turbomq.broker.GossipProtocolTest" time="0.001"/>
  <system-out><![CDATA[08:31:13.236 [Test worker] INFO turbomq.broker.GossipProtocol -- Node Node-2 marked SUSPECT (direct ping failed)
08:31:13.236 [Test worker] INFO turbomq.broker.GossipProtocol -- Self-refutation: bumped incarnation to 1
08:31:13.237 [Test worker] INFO turbomq.broker.GossipProtocol -- Node Node-2 marked SUSPECT (direct ping failed)
08:31:13.239 [Test worker] INFO turbomq.broker.GossipProtocol -- Node Node-2 marked SUSPECT (direct ping failed)
08:31:13.241 [Test worker] INFO turbomq.broker.GossipProtocol -- Node Node-2 marked SUSPECT (direct ping failed)
08:31:13.242 [Test worker] INFO turbomq.broker.GossipProtocol -- Node Node-2 marked SUSPECT (direct ping failed)
08:31:13.242 [Test worker] INFO turbomq.broker.GossipProtocol -- Node Node-2 restored to ALIVE via indirect ping
08:31:13.243 [Test worker] INFO turbomq.broker.GossipProtocol -- Node Node-2 marked SUSPECT (direct ping failed)
08:31:13.244 [Test worker] INFO turbomq.broker.GossipProtocol -- Node Node-2 marked SUSPECT (direct ping failed)
08:31:13.246 [Test worker] INFO turbomq.broker.GossipProtocol -- Node Node-2 marked SUSPECT (direct ping failed)
08:31:13.246 [Test worker] INFO turbomq.broker.GossipProtocol -- Node Node-2 declared DEAD (suspect timeout expired)
08:31:13.246 [Test worker] INFO turbomq.broker.GossipProtocol -- Node Node-3 marked SUSPECT (direct ping failed)
08:31:13.246 [Test worker] INFO turbomq.broker.GossipProtocol -- Node Node-3 declared DEAD (suspect timeout expired)
]]></system-out>
  <system-err><![CDATA[]]></system-err>
</testsuite>
