<?xml version="1.0" encoding="UTF-8"?>
<testsuite name="turbomq.broker.PartitionMigrationTest" tests="12" skipped="0" failures="0" errors="0" timestamp="2026-03-28T02:05:19" hostname="MacBook-Pro-cua-Khanh.local" time="0.008">
  <properties/>
  <testcase name="advanceMigration transitions through all states to COMPLETED" classname="turbomq.broker.PartitionMigrationTest" time="0.001"/>
  <testcase name="multiple partitions can migrate concurrently" classname="turbomq.broker.PartitionMigrationTest" time="0.001"/>
  <testcase name="failed migration does not update partition assignment" classname="turbomq.broker.PartitionMigrationTest" time="0.0"/>
  <testcase name="listAllMigrations returns all including completed" classname="turbomq.broker.PartitionMigrationTest" time="0.001"/>
  <testcase name="advance past COMPLETED is a no-op" classname="turbomq.broker.PartitionMigrationTest" time="0.001"/>
  <testcase name="createMigration rejects same source and target" classname="turbomq.broker.PartitionMigrationTest" time="0.0"/>
  <testcase name="createMigration rejects duplicate migration for same partition" classname="turbomq.broker.PartitionMigrationTest" time="0.001"/>
  <testcase name="generateMigrationPlan produces plans to balance partitions onto new broker" classname="turbomq.broker.PartitionMigrationTest" time="0.001"/>
  <testcase name="failMigration sets state to FAILED" classname="turbomq.broker.PartitionMigrationTest" time="0.001"/>
  <testcase name="completed migration updates partition assignment" classname="turbomq.broker.PartitionMigrationTest" time="0.0"/>
  <testcase name="createMigration creates a plan in ADDING_LEARNER state" classname="turbomq.broker.PartitionMigrationTest" time="0.001"/>
  <testcase name="listActiveMigrations returns only in-progress migrations" classname="turbomq.broker.PartitionMigrationTest" time="0.0"/>
  <system-out><![CDATA[09:05:19.459 [Test worker] INFO turbomq.broker.PartitionManager -- Created topic 'orders' with 6 partitions, rf=1
09:05:19.459 [Test worker] INFO turbomq.broker.PartitionMigrationManager -- Created migration plan: partition=Partition-0 Node-1 → Node-3
09:05:19.460 [Test worker] INFO turbomq.broker.PartitionMigrationManager -- Migration advanced: partition=Partition-0 → CATCHING_UP
09:05:19.460 [Test worker] INFO turbomq.broker.PartitionMigrationManager -- Migration advanced: partition=Partition-0 → PROMOTING
09:05:19.460 [Test worker] INFO turbomq.broker.PartitionMigrationManager -- Migration advanced: partition=Partition-0 → REMOVING_OLD
09:05:19.460 [Test worker] INFO turbomq.broker.PartitionMigrationManager -- Migration advanced: partition=Partition-0 → COMPLETED
09:05:19.460 [Test worker] INFO turbomq.broker.PartitionManager -- Created topic 'orders' with 6 partitions, rf=1
09:05:19.461 [Test worker] INFO turbomq.broker.PartitionMigrationManager -- Created migration plan: partition=Partition-0 Node-1 → Node-3
09:05:19.461 [Test worker] INFO turbomq.broker.PartitionMigrationManager -- Created migration plan: partition=Partition-2 Node-1 → Node-2
09:05:19.461 [Test worker] INFO turbomq.broker.PartitionMigrationManager -- Migration advanced: partition=Partition-0 → CATCHING_UP
09:05:19.461 [Test worker] INFO turbomq.broker.PartitionMigrationManager -- Migration advanced: partition=Partition-2 → CATCHING_UP
09:05:19.461 [Test worker] INFO turbomq.broker.PartitionMigrationManager -- Migration advanced: partition=Partition-0 → PROMOTING
09:05:19.461 [Test worker] INFO turbomq.broker.PartitionManager -- Created topic 'orders' with 6 partitions, rf=1
09:05:19.461 [Test worker] INFO turbomq.broker.PartitionMigrationManager -- Created migration plan: partition=Partition-0 Node-1 → Node-3
09:05:19.461 [Test worker] INFO turbomq.broker.PartitionMigrationManager -- Migration advanced: partition=Partition-0 → CATCHING_UP
09:05:19.461 [Test worker] WARN turbomq.broker.PartitionMigrationManager -- Migration failed: partition=Partition-0 reason=Timeout
09:05:19.462 [Test worker] INFO turbomq.broker.PartitionManager -- Created topic 'orders' with 6 partitions, rf=1
09:05:19.462 [Test worker] INFO turbomq.broker.PartitionMigrationManager -- Created migration plan: partition=Partition-0 Node-1 → Node-3
09:05:19.462 [Test worker] INFO turbomq.broker.PartitionMigrationManager -- Created migration plan: partition=Partition-1 Node-1 → Node-2
09:05:19.462 [Test worker] INFO turbomq.broker.PartitionMigrationManager -- Migration advanced: partition=Partition-0 → CATCHING_UP
09:05:19.462 [Test worker] INFO turbomq.broker.PartitionMigrationManager -- Migration advanced: partition=Partition-0 → PROMOTING
09:05:19.462 [Test worker] INFO turbomq.broker.PartitionMigrationManager -- Migration advanced: partition=Partition-0 → REMOVING_OLD
09:05:19.462 [Test worker] INFO turbomq.broker.PartitionMigrationManager -- Migration advanced: partition=Partition-0 → COMPLETED
09:05:19.463 [Test worker] INFO turbomq.broker.PartitionManager -- Created topic 'orders' with 6 partitions, rf=1
09:05:19.463 [Test worker] INFO turbomq.broker.PartitionMigrationManager -- Created migration plan: partition=Partition-0 Node-1 → Node-3
09:05:19.463 [Test worker] INFO turbomq.broker.PartitionMigrationManager -- Migration advanced: partition=Partition-0 → CATCHING_UP
09:05:19.463 [Test worker] INFO turbomq.broker.PartitionMigrationManager -- Migration advanced: partition=Partition-0 → PROMOTING
09:05:19.463 [Test worker] INFO turbomq.broker.PartitionMigrationManager -- Migration advanced: partition=Partition-0 → REMOVING_OLD
09:05:19.463 [Test worker] INFO turbomq.broker.PartitionMigrationManager -- Migration advanced: partition=Partition-0 → COMPLETED
09:05:19.463 [Test worker] INFO turbomq.broker.PartitionMigrationManager -- Migration advanced: partition=Partition-0 → COMPLETED
09:05:19.463 [Test worker] INFO turbomq.broker.PartitionManager -- Created topic 'orders' with 6 partitions, rf=1
09:05:19.464 [Test worker] INFO turbomq.broker.PartitionManager -- Created topic 'orders' with 6 partitions, rf=1
09:05:19.464 [Test worker] INFO turbomq.broker.PartitionMigrationManager -- Created migration plan: partition=Partition-0 Node-1 → Node-3
09:05:19.464 [Test worker] INFO turbomq.broker.PartitionManager -- Created topic 'orders' with 6 partitions, rf=1
09:05:19.465 [Test worker] INFO turbomq.broker.PartitionMigrationManager -- Created migration plan: partition=Partition-2 Node-3 → Node-4
09:05:19.466 [Test worker] INFO turbomq.broker.PartitionManager -- Created topic 'orders' with 6 partitions, rf=1
09:05:19.466 [Test worker] INFO turbomq.broker.PartitionMigrationManager -- Created migration plan: partition=Partition-0 Node-1 → Node-3
09:05:19.466 [Test worker] INFO turbomq.broker.PartitionMigrationManager -- Migration advanced: partition=Partition-0 → CATCHING_UP
09:05:19.466 [Test worker] WARN turbomq.broker.PartitionMigrationManager -- Migration failed: partition=Partition-0 reason=Replication timeout
09:05:19.466 [Test worker] INFO turbomq.broker.PartitionManager -- Created topic 'orders' with 6 partitions, rf=1
09:05:19.466 [Test worker] INFO turbomq.broker.PartitionMigrationManager -- Created migration plan: partition=Partition-0 Node-1 → Node-3
09:05:19.466 [Test worker] INFO turbomq.broker.PartitionMigrationManager -- Migration advanced: partition=Partition-0 → CATCHING_UP
09:05:19.466 [Test worker] INFO turbomq.broker.PartitionMigrationManager -- Migration advanced: partition=Partition-0 → PROMOTING
09:05:19.467 [Test worker] INFO turbomq.broker.PartitionMigrationManager -- Migration advanced: partition=Partition-0 → REMOVING_OLD
09:05:19.467 [Test worker] INFO turbomq.broker.PartitionMigrationManager -- Migration advanced: partition=Partition-0 → COMPLETED
09:05:19.467 [Test worker] INFO turbomq.broker.PartitionManager -- Created topic 'orders' with 6 partitions, rf=1
09:05:19.467 [Test worker] INFO turbomq.broker.PartitionMigrationManager -- Created migration plan: partition=Partition-0 Node-1 → Node-3
09:05:19.467 [Test worker] INFO turbomq.broker.PartitionManager -- Created topic 'orders' with 6 partitions, rf=1
09:05:19.467 [Test worker] INFO turbomq.broker.PartitionMigrationManager -- Created migration plan: partition=Partition-0 Node-1 → Node-3
09:05:19.467 [Test worker] INFO turbomq.broker.PartitionMigrationManager -- Created migration plan: partition=Partition-1 Node-1 → Node-2
09:05:19.467 [Test worker] INFO turbomq.broker.PartitionMigrationManager -- Migration advanced: partition=Partition-0 → CATCHING_UP
09:05:19.468 [Test worker] INFO turbomq.broker.PartitionMigrationManager -- Migration advanced: partition=Partition-0 → PROMOTING
09:05:19.468 [Test worker] INFO turbomq.broker.PartitionMigrationManager -- Migration advanced: partition=Partition-0 → REMOVING_OLD
09:05:19.468 [Test worker] INFO turbomq.broker.PartitionMigrationManager -- Migration advanced: partition=Partition-0 → COMPLETED
]]></system-out>
  <system-err><![CDATA[]]></system-err>
</testsuite>
