<?xml version="1.0" encoding="UTF-8"?>
<testsuite name="turbomq.broker.GossipProtocolTest" tests="18" skipped="0" failures="0" errors="0" timestamp="2026-03-28T02:05:19" hostname="MacBook-Pro-cua-Khanh.local" time="0.012">
  <properties/>
  <testcase name="lowerIncarnationDoesNotOverride()" classname="turbomq.broker.GossipProtocolTest" time="0.001"/>
  <testcase name="selfRefutationBumpsIncarnation()" classname="turbomq.broker.GossipProtocolTest" time="0.0"/>
  <testcase name="duplicateAddPeerIsIdempotent()" classname="turbomq.broker.GossipProtocolTest" time="0.0"/>
  <testcase name="getAlivePeersIncludesSuspect()" classname="turbomq.broker.GossipProtocolTest" time="0.001"/>
  <testcase name="suspectDoesNotDieBeforeTimeout()" classname="turbomq.broker.GossipProtocolTest" time="0.0"/>
  <testcase name="pingSuccessKeepsAlive()" classname="turbomq.broker.GossipProtocolTest" time="0.0"/>
  <testcase name="addMultiplePeers()" classname="turbomq.broker.GossipProtocolTest" time="0.0"/>
  <testcase name="indirectPingFailureKeepsSuspect()" classname="turbomq.broker.GossipProtocolTest" time="0.002"/>
  <testcase name="indirectPingSuccessRestoresAlive()" classname="turbomq.broker.GossipProtocolTest" time="0.0"/>
  <testcase name="mergedEntryIncludesPartitions()" classname="turbomq.broker.GossipProtocolTest" time="0.001"/>
  <testcase name="pingFailureMarksSuspect()" classname="turbomq.broker.GossipProtocolTest" time="0.0"/>
  <testcase name="pushPullMergesRemoteState()" classname="turbomq.broker.GossipProtocolTest" time="0.001"/>
  <testcase name="updatePartitionsForSelf()" classname="turbomq.broker.GossipProtocolTest" time="0.0"/>
  <testcase name="higherIncarnationOverridesSuspect()" classname="turbomq.broker.GossipProtocolTest" time="0.0"/>
  <testcase name="addPeerRegistersAsAlive()" classname="turbomq.broker.GossipProtocolTest" time="0.0"/>
  <testcase name="selfIsAliveOnCreation()" classname="turbomq.broker.GossipProtocolTest" time="0.0"/>
  <testcase name="suspectBecomesDeadAfterTimeout()" classname="turbomq.broker.GossipProtocolTest" time="0.0"/>
  <testcase name="getAlivePeersExcludesDeadAndSelf()" classname="turbomq.broker.GossipProtocolTest" time="0.001"/>
  <system-out><![CDATA[09:05:19.432 [Test worker] INFO turbomq.broker.GossipProtocol -- Node Node-2 marked SUSPECT (direct ping failed)
09:05:19.433 [Test worker] INFO turbomq.broker.GossipProtocol -- Self-refutation: bumped incarnation to 1
09:05:19.434 [Test worker] INFO turbomq.broker.GossipProtocol -- Node Node-2 marked SUSPECT (direct ping failed)
09:05:19.435 [Test worker] INFO turbomq.broker.GossipProtocol -- Node Node-2 marked SUSPECT (direct ping failed)
09:05:19.436 [Test worker] INFO turbomq.broker.GossipProtocol -- Node Node-2 marked SUSPECT (direct ping failed)
09:05:19.438 [Test worker] INFO turbomq.broker.GossipProtocol -- Node Node-2 marked SUSPECT (direct ping failed)
09:05:19.438 [Test worker] INFO turbomq.broker.GossipProtocol -- Node Node-2 restored to ALIVE via indirect ping
09:05:19.439 [Test worker] INFO turbomq.broker.GossipProtocol -- Node Node-2 marked SUSPECT (direct ping failed)
09:05:19.441 [Test worker] INFO turbomq.broker.GossipProtocol -- Node Node-2 marked SUSPECT (direct ping failed)
09:05:19.442 [Test worker] INFO turbomq.broker.GossipProtocol -- Node Node-2 marked SUSPECT (direct ping failed)
09:05:19.442 [Test worker] INFO turbomq.broker.GossipProtocol -- Node Node-2 declared DEAD (suspect timeout expired)
09:05:19.443 [Test worker] INFO turbomq.broker.GossipProtocol -- Node Node-3 marked SUSPECT (direct ping failed)
09:05:19.443 [Test worker] INFO turbomq.broker.GossipProtocol -- Node Node-3 declared DEAD (suspect timeout expired)
]]></system-out>
  <system-err><![CDATA[]]></system-err>
</testsuite>
