<?xml version="1.0" encoding="UTF-8"?>
<testsuite name="turbomq.broker.ExactlyOnceTest" tests="14" skipped="0" failures="0" errors="0" timestamp="2026-03-28T01:31:13" hostname="MacBook-Pro-cua-Khanh.local" time="0.011">
  <properties/>
  <testcase name="getLastSequence returns the last accepted sequence" classname="turbomq.broker.ExactlyOnceTest" time="0.002"/>
  <testcase name="unknown producer ID is rejected" classname="turbomq.broker.ExactlyOnceTest" time="0.0"/>
  <testcase name="duplicate sequence number is rejected as DUPLICATE" classname="turbomq.broker.ExactlyOnceTest" time="0.001"/>
  <testcase name="allocateProducerId returns monotonically increasing IDs" classname="turbomq.broker.ExactlyOnceTest" time="0.001"/>
  <testcase name="sequence going backwards is rejected as DUPLICATE" classname="turbomq.broker.ExactlyOnceTest" time="0.0"/>
  <testcase name="first write with sequence 0 is accepted" classname="turbomq.broker.ExactlyOnceTest" time="0.001"/>
  <testcase name="activeProducerCount tracks allocated producers" classname="turbomq.broker.ExactlyOnceTest" time="0.001"/>
  <testcase name="sequential writes are accepted" classname="turbomq.broker.ExactlyOnceTest" time="0.0"/>
  <testcase name="sequence gap is rejected as OUT_OF_ORDER" classname="turbomq.broker.ExactlyOnceTest" time="0.0"/>
  <testcase name="different producers have independent sequence tracking" classname="turbomq.broker.ExactlyOnceTest" time="0.0"/>
  <testcase name="expireProducer removes all state for a producer" classname="turbomq.broker.ExactlyOnceTest" time="0.0"/>
  <testcase name="getLastSequence returns -1 for unknown producer/partition" classname="turbomq.broker.ExactlyOnceTest" time="0.0"/>
  <testcase name="re-sending last accepted sequence is DUPLICATE" classname="turbomq.broker.ExactlyOnceTest" time="0.0"/>
  <testcase name="same producer can write independently to different partitions" classname="turbomq.broker.ExactlyOnceTest" time="0.001"/>
  <system-out><![CDATA[08:31:13.225 [Test worker] DEBUG turbomq.broker.IdempotencyManager -- Allocated producer ID: 1
08:31:13.227 [Test worker] DEBUG turbomq.broker.IdempotencyManager -- Allocated producer ID: 1
08:31:13.228 [Test worker] DEBUG turbomq.broker.IdempotencyManager -- Allocated producer ID: 1
08:31:13.228 [Test worker] DEBUG turbomq.broker.IdempotencyManager -- Allocated producer ID: 2
08:31:13.228 [Test worker] DEBUG turbomq.broker.IdempotencyManager -- Allocated producer ID: 3
08:31:13.229 [Test worker] DEBUG turbomq.broker.IdempotencyManager -- Allocated producer ID: 1
08:31:13.230 [Test worker] DEBUG turbomq.broker.IdempotencyManager -- Allocated producer ID: 1
08:31:13.230 [Test worker] DEBUG turbomq.broker.IdempotencyManager -- Allocated producer ID: 1
08:31:13.230 [Test worker] DEBUG turbomq.broker.IdempotencyManager -- Allocated producer ID: 2
08:31:13.231 [Test worker] INFO turbomq.broker.IdempotencyManager -- Expired producer 1
08:31:13.232 [Test worker] DEBUG turbomq.broker.IdempotencyManager -- Allocated producer ID: 1
08:31:13.232 [Test worker] DEBUG turbomq.broker.IdempotencyManager -- Allocated producer ID: 1
08:31:13.233 [Test worker] DEBUG turbomq.broker.IdempotencyManager -- Allocated producer ID: 1
08:31:13.233 [Test worker] DEBUG turbomq.broker.IdempotencyManager -- Allocated producer ID: 2
08:31:13.233 [Test worker] DEBUG turbomq.broker.IdempotencyManager -- Allocated producer ID: 1
08:31:13.233 [Test worker] INFO turbomq.broker.IdempotencyManager -- Expired producer 1
08:31:13.234 [Test worker] DEBUG turbomq.broker.IdempotencyManager -- Allocated producer ID: 1
08:31:13.234 [Test worker] DEBUG turbomq.broker.IdempotencyManager -- Allocated producer ID: 1
08:31:13.235 [Test worker] DEBUG turbomq.broker.IdempotencyManager -- Allocated producer ID: 1
]]></system-out>
  <system-err><![CDATA[]]></system-err>
</testsuite>
