<?xml version="1.0" encoding="UTF-8"?>
<testsuite name="turbomq.broker.BrokerDiscoveryAcceptanceTest" tests="3" skipped="0" failures="0" errors="0" timestamp="2026-03-28T02:05:19" hostname="MacBook-Pro-cua-Khanh.local" time="0.064">
  <properties/>
  <testcase name="brokerRecoveryViaIncarnationBump()" classname="turbomq.broker.BrokerDiscoveryAcceptanceTest" time="0.056"/>
  <testcase name="threeBrokersDiscoverEachOtherViaGossip()" classname="turbomq.broker.BrokerDiscoveryAcceptanceTest" time="0.006"/>
  <testcase name="brokerFailureDetectedViaGossip()" classname="turbomq.broker.BrokerDiscoveryAcceptanceTest" time="0.001"/>
  <system-out><![CDATA[09:05:19.355 [Test worker] INFO turbomq.broker.GossipProtocol -- Node Node-2 marked SUSPECT (direct ping failed)
09:05:19.375 [Test worker] INFO turbomq.broker.GossipProtocol -- Self-refutation: bumped incarnation to 1
09:05:19.386 [Test worker] INFO turbomq.broker.GossipProtocol -- Node Node-2 marked SUSPECT (direct ping failed)
09:05:19.386 [Test worker] INFO turbomq.broker.GossipProtocol -- Node Node-2 declared DEAD (suspect timeout expired)
]]></system-out>
  <system-err><![CDATA[]]></system-err>
</testsuite>
