<?xml version="1.0" encoding="UTF-8"?>
<testsuite name="turbomq.broker.PartitionMigrationTest" tests="12" skipped="0" failures="0" errors="0" timestamp="2026-03-28T01:31:13" hostname="MacBook-Pro-cua-Khanh.local" time="0.012">
  <properties/>
  <testcase name="advanceMigration transitions through all states to COMPLETED" classname="turbomq.broker.PartitionMigrationTest" time="0.002"/>
  <testcase name="multiple partitions can migrate concurrently" classname="turbomq.broker.PartitionMigrationTest" time="0.001"/>
  <testcase name="failed migration does not update partition assignment" classname="turbomq.broker.PartitionMigrationTest" time="0.0"/>
  <testcase name="listAllMigrations returns all including completed" classname="turbomq.broker.PartitionMigrationTest" time="0.0"/>
  <testcase name="advance past COMPLETED is a no-op" classname="turbomq.broker.PartitionMigrationTest" time="0.0"/>
  <testcase name="createMigration rejects same source and target" classname="turbomq.broker.PartitionMigrationTest" time="0.001"/>
  <testcase name="createMigration rejects duplicate migration for same partition" classname="turbomq.broker.PartitionMigrationTest" time="0.001"/>
  <testcase name="generateMigrationPlan produces plans to balance partitions onto new broker" classname="turbomq.broker.PartitionMigrationTest" time="0.002"/>
  <testcase name="failMigration sets state to FAILED" classname="turbomq.broker.PartitionMigrationTest" time="0.001"/>
  <testcase name="completed migration updates partition assignment" classname="turbomq.broker.PartitionMigrationTest" time="0.001"/>
  <testcase name="createMigration creates a plan in ADDING_LEARNER state" classname="turbomq.broker.PartitionMigrationTest" time="0.0"/>
  <testcase name="listActiveMigrations returns only in-progress migrations" classname="turbomq.broker.PartitionMigrationTest" time="0.001"/>
  <system-out><![CDATA[08:31:13.265 [Test worker] INFO turbomq.broker.PartitionManager -- Created topic 'orders' with 6 partitions, rf=1
08:31:13.266 [Test worker] INFO turbomq.broker.PartitionMigrationManager -- Created migration plan: partition=Partition-0 Node-1 → Node-3
08:31:13.266 [Test worker] INFO turbomq.broker.PartitionMigrationManager -- Migration advanced: partition=Partition-0 → CATCHING_UP
08:31:13.266 [Test worker] INFO turbomq.broker.PartitionMigrationManager -- Migration advanced: partition=Partition-0 → PROMOTING
08:31:13.266 [Test worker] INFO turbomq.broker.PartitionMigrationManager -- Migration advanced: partition=Partition-0 → REMOVING_OLD
08:31:13.267 [Test worker] INFO turbomq.broker.PartitionMigrationManager -- Migration advanced: partition=Partition-0 → COMPLETED
08:31:13.267 [Test worker] INFO turbomq.broker.PartitionManager -- Created topic 'orders' with 6 partitions, rf=1
08:31:13.267 [Test worker] INFO turbomq.broker.PartitionMigrationManager -- Created migration plan: partition=Partition-0 Node-1 → Node-3
08:31:13.267 [Test worker] INFO turbomq.broker.PartitionMigrationManager -- Created migration plan: partition=Partition-2 Node-1 → Node-2
08:31:13.267 [Test worker] INFO turbomq.broker.PartitionMigrationManager -- Migration advanced: partition=Partition-0 → CATCHING_UP
08:31:13.267 [Test worker] INFO turbomq.broker.PartitionMigrationManager -- Migration advanced: partition=Partition-2 → CATCHING_UP
08:31:13.267 [Test worker] INFO turbomq.broker.PartitionMigrationManager -- Migration advanced: partition=Partition-0 → PROMOTING
08:31:13.268 [Test worker] INFO turbomq.broker.PartitionManager -- Created topic 'orders' with 6 partitions, rf=1
08:31:13.268 [Test worker] INFO turbomq.broker.PartitionMigrationManager -- Created migration plan: partition=Partition-0 Node-1 → Node-3
08:31:13.268 [Test worker] INFO turbomq.broker.PartitionMigrationManager -- Migration advanced: partition=Partition-0 → CATCHING_UP
08:31:13.268 [Test worker] WARN turbomq.broker.PartitionMigrationManager -- Migration failed: partition=Partition-0 reason=Timeout
08:31:13.269 [Test worker] INFO turbomq.broker.PartitionManager -- Created topic 'orders' with 6 partitions, rf=1
08:31:13.269 [Test worker] INFO turbomq.broker.PartitionMigrationManager -- Created migration plan: partition=Partition-0 Node-1 → Node-3
08:31:13.269 [Test worker] INFO turbomq.broker.PartitionMigrationManager -- Created migration plan: partition=Partition-1 Node-1 → Node-2
08:31:13.269 [Test worker] INFO turbomq.broker.PartitionMigrationManager -- Migration advanced: partition=Partition-0 → CATCHING_UP
08:31:13.269 [Test worker] INFO turbomq.broker.PartitionMigrationManager -- Migration advanced: partition=Partition-0 → PROMOTING
08:31:13.269 [Test worker] INFO turbomq.broker.PartitionMigrationManager -- Migration advanced: partition=Partition-0 → REMOVING_OLD
08:31:13.269 [Test worker] INFO turbomq.broker.PartitionMigrationManager -- Migration advanced: partition=Partition-0 → COMPLETED
08:31:13.270 [Test worker] INFO turbomq.broker.PartitionManager -- Created topic 'orders' with 6 partitions, rf=1
08:31:13.270 [Test worker] INFO turbomq.broker.PartitionMigrationManager -- Created migration plan: partition=Partition-0 Node-1 → Node-3
08:31:13.270 [Test worker] INFO turbomq.broker.PartitionMigrationManager -- Migration advanced: partition=Partition-0 → CATCHING_UP
08:31:13.270 [Test worker] INFO turbomq.broker.PartitionMigrationManager -- Migration advanced: partition=Partition-0 → PROMOTING
08:31:13.270 [Test worker] INFO turbomq.broker.PartitionMigrationManager -- Migration advanced: partition=Partition-0 → REMOVING_OLD
08:31:13.270 [Test worker] INFO turbomq.broker.PartitionMigrationManager -- Migration advanced: partition=Partition-0 → COMPLETED
08:31:13.270 [Test worker] INFO turbomq.broker.PartitionMigrationManager -- Migration advanced: partition=Partition-0 → COMPLETED
08:31:13.270 [Test worker] INFO turbomq.broker.PartitionManager -- Created topic 'orders' with 6 partitions, rf=1
08:31:13.271 [Test worker] INFO turbomq.broker.PartitionManager -- Created topic 'orders' with 6 partitions, rf=1
08:31:13.271 [Test worker] INFO turbomq.broker.PartitionMigrationManager -- Created migration plan: partition=Partition-0 Node-1 → Node-3
08:31:13.272 [Test worker] INFO turbomq.broker.PartitionManager -- Created topic 'orders' with 6 partitions, rf=1
08:31:13.272 [Test worker] INFO turbomq.broker.PartitionMigrationManager -- Created migration plan: partition=Partition-2 Node-3 → Node-4
08:31:13.274 [Test worker] INFO turbomq.broker.PartitionManager -- Created topic 'orders' with 6 partitions, rf=1
08:31:13.275 [Test worker] INFO turbomq.broker.PartitionMigrationManager -- Created migration plan: partition=Partition-0 Node-1 → Node-3
08:31:13.275 [Test worker] INFO turbomq.broker.PartitionMigrationManager -- Migration advanced: partition=Partition-0 → CATCHING_UP
08:31:13.275 [Test worker] WARN turbomq.broker.PartitionMigrationManager -- Migration failed: partition=Partition-0 reason=Replication timeout
08:31:13.275 [Test worker] INFO turbomq.broker.PartitionManager -- Created topic 'orders' with 6 partitions, rf=1
08:31:13.275 [Test worker] INFO turbomq.broker.PartitionMigrationManager -- Created migration plan: partition=Partition-0 Node-1 → Node-3
08:31:13.275 [Test worker] INFO turbomq.broker.PartitionMigrationManager -- Migration advanced: partition=Partition-0 → CATCHING_UP
08:31:13.275 [Test worker] INFO turbomq.broker.PartitionMigrationManager -- Migration advanced: partition=Partition-0 → PROMOTING
08:31:13.275 [Test worker] INFO turbomq.broker.PartitionMigrationManager -- Migration advanced: partition=Partition-0 → REMOVING_OLD
08:31:13.275 [Test worker] INFO turbomq.broker.PartitionMigrationManager -- Migration advanced: partition=Partition-0 → COMPLETED
08:31:13.276 [Test worker] INFO turbomq.broker.PartitionManager -- Created topic 'orders' with 6 partitions, rf=1
08:31:13.276 [Test worker] INFO turbomq.broker.PartitionMigrationManager -- Created migration plan: partition=Partition-0 Node-1 → Node-3
08:31:13.276 [Test worker] INFO turbomq.broker.PartitionManager -- Created topic 'orders' with 6 partitions, rf=1
08:31:13.276 [Test worker] INFO turbomq.broker.PartitionMigrationManager -- Created migration plan: partition=Partition-0 Node-1 → Node-3
08:31:13.276 [Test worker] INFO turbomq.broker.PartitionMigrationManager -- Created migration plan: partition=Partition-1 Node-1 → Node-2
08:31:13.276 [Test worker] INFO turbomq.broker.PartitionMigrationManager -- Migration advanced: partition=Partition-0 → CATCHING_UP
08:31:13.276 [Test worker] INFO turbomq.broker.PartitionMigrationManager -- Migration advanced: partition=Partition-0 → PROMOTING
08:31:13.276 [Test worker] INFO turbomq.broker.PartitionMigrationManager -- Migration advanced: partition=Partition-0 → REMOVING_OLD
08:31:13.276 [Test worker] INFO turbomq.broker.PartitionMigrationManager -- Migration advanced: partition=Partition-0 → COMPLETED
]]></system-out>
  <system-err><![CDATA[]]></system-err>
</testsuite>
