<?xml version="1.0" encoding="UTF-8"?>
<testsuite name="turbomq.broker.PartitionManagerTest" tests="15" skipped="0" failures="0" errors="0" timestamp="2026-03-28T01:31:13" hostname="MacBook-Pro-cua-Khanh.local" time="0.009">
  <properties/>
  <testcase name="createTopicFailsWithInsufficientBrokers()" classname="turbomq.broker.PartitionManagerTest" time="0.002"/>
  <testcase name="getAssignmentsForTopic()" classname="turbomq.broker.PartitionManagerTest" time="0.0"/>
  <testcase name="createTopicDistributesRoundRobin()" classname="turbomq.broker.PartitionManagerTest" time="0.0"/>
  <testcase name="multipleTopicsAreIndependent()" classname="turbomq.broker.PartitionManagerTest" time="0.001"/>
  <testcase name="getPartitionsForBroker()" classname="turbomq.broker.PartitionManagerTest" time="0.0"/>
  <testcase name="duplicateTopicCreationFails()" classname="turbomq.broker.PartitionManagerTest" time="0.001"/>
  <testcase name="getAssignmentsForNonexistentTopicReturnsEmpty()" classname="turbomq.broker.PartitionManagerTest" time="0.0"/>
  <testcase name="createTopicWithSingleBroker()" classname="turbomq.broker.PartitionManagerTest" time="0.001"/>
  <testcase name="createTopicWithReplicationFactor()" classname="turbomq.broker.PartitionManagerTest" time="0.0"/>
  <testcase name="rebalanceIsBalanced()" classname="turbomq.broker.PartitionManagerTest" time="0.001"/>
  <testcase name="listRegisteredBrokers()" classname="turbomq.broker.PartitionManagerTest" time="0.0"/>
  <testcase name="registerBrokerIsIdempotent()" classname="turbomq.broker.PartitionManagerTest" time="0.0"/>
  <testcase name="rebalanceAfterBrokerJoin()" classname="turbomq.broker.PartitionManagerTest" time="0.0"/>
  <testcase name="createTopicFailsWithNoBrokers()" classname="turbomq.broker.PartitionManagerTest" time="0.0"/>
  <testcase name="rebalanceAfterBrokerLeave()" classname="turbomq.broker.PartitionManagerTest" time="0.0"/>
  <system-out><![CDATA[08:31:13.257 [Test worker] INFO turbomq.broker.PartitionManager -- Created topic 'events' with 3 partitions, rf=1
08:31:13.258 [Test worker] INFO turbomq.broker.PartitionManager -- Created topic 'orders' with 6 partitions, rf=1
08:31:13.258 [Test worker] INFO turbomq.broker.PartitionManager -- Created topic 'topicA' with 2 partitions, rf=1
08:31:13.258 [Test worker] INFO turbomq.broker.PartitionManager -- Created topic 'topicB' with 3 partitions, rf=1
08:31:13.259 [Test worker] INFO turbomq.broker.PartitionManager -- Created topic 't' with 4 partitions, rf=1
08:31:13.259 [Test worker] INFO turbomq.broker.PartitionManager -- Created topic 'events' with 2 partitions, rf=1
08:31:13.260 [Test worker] INFO turbomq.broker.PartitionManager -- Created topic 'events' with 3 partitions, rf=1
08:31:13.261 [Test worker] INFO turbomq.broker.PartitionManager -- Created topic 'replicated' with 2 partitions, rf=3
08:31:13.262 [Test worker] INFO turbomq.broker.PartitionManager -- Created topic 't' with 9 partitions, rf=1
08:31:13.263 [Test worker] INFO turbomq.broker.PartitionManager -- Created topic 't' with 4 partitions, rf=1
08:31:13.263 [Test worker] INFO turbomq.broker.PartitionManager -- Rebalanced topic 't': 2 partition moves
08:31:13.264 [Test worker] INFO turbomq.broker.PartitionManager -- Created topic 't' with 4 partitions, rf=1
08:31:13.264 [Test worker] INFO turbomq.broker.PartitionManager -- Rebalanced topic 't': 2 partition moves
]]></system-out>
  <system-err><![CDATA[]]></system-err>
</testsuite>
