<?xml version="1.0" encoding="UTF-8"?>
<testsuite name="turbomq.network.ProduceConsumeAcceptanceTest" tests="3" skipped="0" failures="0" errors="0" timestamp="2026-03-28T01:31:14" hostname="MacBook-Pro-cua-Khanh.local" time="0.257">
  <properties/>
  <testcase name="produceAndConsumeRoundTrip()" classname="turbomq.network.ProduceConsumeAcceptanceTest" time="0.086"/>
  <testcase name="consumeWithOffsetCommit()" classname="turbomq.network.ProduceConsumeAcceptanceTest" time="0.08"/>
  <testcase name="multiPartitionIsolation()" classname="turbomq.network.ProduceConsumeAcceptanceTest" time="0.091"/>
  <system-out><![CDATA[08:31:14.963 [Test worker] INFO turbomq.storage.PartitionStoreManager -- PartitionStoreManager opened at /var/folders/vn/6mz0gbtj611dys59tgbwr1gc0000gp/T/junit13208408873373435143 with 0 partitions
08:31:14.978 [Test worker] INFO turbomq.storage.PartitionStoreManager -- Created partition column family: partition-0
08:31:14.992 [Test worker] INFO turbomq.storage.PartitionStoreManager -- Created partition column family: partition-1
08:31:14.996 [Test worker] DEBUG turbomq.network.ProducerServiceImpl -- Produced message to partition 0 at offset 1
08:31:14.997 [Test worker] DEBUG turbomq.network.ProducerServiceImpl -- Produced message to partition 0 at offset 2
08:31:14.997 [Test worker] DEBUG turbomq.network.ProducerServiceImpl -- Produced message to partition 0 at offset 3
08:31:15.048 [Test worker] INFO turbomq.storage.PartitionStoreManager -- PartitionStoreManager opened at /var/folders/vn/6mz0gbtj611dys59tgbwr1gc0000gp/T/junit13060333056080832063 with 0 partitions
08:31:15.063 [Test worker] INFO turbomq.storage.PartitionStoreManager -- Created partition column family: partition-0
08:31:15.077 [Test worker] INFO turbomq.storage.PartitionStoreManager -- Created partition column family: partition-1
08:31:15.078 [Test worker] DEBUG turbomq.network.ProducerServiceImpl -- Produced message to partition 0 at offset 1
08:31:15.078 [Test worker] DEBUG turbomq.network.ProducerServiceImpl -- Produced message to partition 0 at offset 2
08:31:15.135 [Test worker] INFO turbomq.storage.PartitionStoreManager -- PartitionStoreManager opened at /var/folders/vn/6mz0gbtj611dys59tgbwr1gc0000gp/T/junit13980791501476805105 with 0 partitions
08:31:15.153 [Test worker] INFO turbomq.storage.PartitionStoreManager -- Created partition column family: partition-0
08:31:15.168 [Test worker] INFO turbomq.storage.PartitionStoreManager -- Created partition column family: partition-1
08:31:15.169 [Test worker] DEBUG turbomq.network.ProducerServiceImpl -- Produced message to partition 0 at offset 1
08:31:15.169 [Test worker] DEBUG turbomq.network.ProducerServiceImpl -- Produced message to partition 1 at offset 1
]]></system-out>
  <system-err><![CDATA[]]></system-err>
</testsuite>
