<?xml version="1.0" encoding="UTF-8"?>
<testsuite name="turbomq.testing.SimulatedNetworkTest" tests="10" skipped="0" failures="0" errors="0" timestamp="2026-03-28T01:31:20" hostname="MacBook-Pro-cua-Khanh.local" time="0.013">
  <properties/>
  <testcase name="dropMessagesOneWay()" classname="turbomq.testing.SimulatedNetworkTest" time="0.006"/>
  <testcase name="resetClearsEverything()" classname="turbomq.testing.SimulatedNetworkTest" time="0.001"/>
  <testcase name="receiveReturnsMessagesInOrder()" classname="turbomq.testing.SimulatedNetworkTest" time="0.001"/>
  <testcase name="healAllRestoresConnectivity()" classname="turbomq.testing.SimulatedNetworkTest" time="0.0"/>
  <testcase name="deliverToOnlyDeliversToTargetNode()" classname="turbomq.testing.SimulatedNetworkTest" time="0.0"/>
  <testcase name="partitionNodesBidirectional()" classname="turbomq.testing.SimulatedNetworkTest" time="0.001"/>
  <testcase name="isolateNodeDropsAllMessagesToAndFrom()" classname="turbomq.testing.SimulatedNetworkTest" time="0.0"/>
  <testcase name="deliverAllPutsMessagesInCorrectInboxes()" classname="turbomq.testing.SimulatedNetworkTest" time="0.001"/>
  <testcase name="receiveAllDrainsInbox()" classname="turbomq.testing.SimulatedNetworkTest" time="0.0"/>
  <testcase name="sentMessageIsNotDeliveredUntilExplicit()" classname="turbomq.testing.SimulatedNetworkTest" time="0.001"/>
  <system-out><![CDATA[]]></system-out>
  <system-err><![CDATA[]]></system-err>
</testsuite>
